#
# A fatal error has been detected by the Java Runtime Environment:
#
#  EXCEPTION_ACCESS_VIOLATION (0xc0000005) at pc=0x000000006392a6a5, pid=1784, tid=9416
#
# JRE version: Java(TM) SE Runtime Environment (8.0_31-b13) (build 1.8.0_31-b13)
# Java VM: Java HotSpot(TM) 64-Bit Server VM (25.31-b07 mixed mode windows-amd64 compressed oops)
# Problematic frame:
# V  [jvm.dll+0x11a6a5]
#
# Failed to write core dump. Minidumps are not enabled by default on client versions of Windows
#
# If you would like to submit a bug report, please visit:
#   http://bugreport.java.com/bugreport/crash.jsp
#

---------------  T H R E A D  ---------------

Current thread (0x0000000016486000):  JavaThread "JDWP Transport Listener: dt_socket" daemon [_thread_in_vm, id=9416, stack(0x0000000017d00000,0x0000000017e00000)]

siginfo: ExceptionCode=0xc0000005, reading address 0xffffffffffffffff

Registers:
RAX=0x0000000017dff201, RBX=0x0000000016486000, RCX=0x624f2f6e6f697461, RDX=0x0000000000000000
RSP=0x0000000017dff1d0, RBP=0x624f2f6e6f697461, RSI=0x0000000017dff2e8, RDI=0x0000000002bfeaf0
R8 =0x0000000016486000, R9 =0x0000000000008000, R10=0x0000000000000000, R11=0x00000000195d77ea
R12=0x0000000000000000, R13=0x000000001647c8f8, R14=0x0000000000000000, R15=0x0000000000000000
RIP=0x000000006392a6a5, EFLAGS=0x0000000000010202

Top of Stack: (sp=0x0000000017dff1d0)
0x0000000017dff1d0:   0000000016486000 0000000016486000
0x0000000017dff1e0:   0000000017dff298 0000000063b27c1b
0x0000000017dff1f0:   0000000016486000 0000000063b4447d
0x0000000017dff200:   0000000000000000 0000000063619149
0x0000000017dff210:   000000001d1e5c38 0000000063622912
0x0000000017dff220:   0000000016486000 0000000000000000
0x0000000017dff230:   0000000000000000 0000000000000000
0x0000000017dff240:   624f2f6e6f697461 0000000063621a09
0x0000000017dff250:   0000000017dff2e8 0000000017dff2c0
0x0000000017dff260:   0000000000000001 000000001d1e5c38
0x0000000017dff270:   624f2f6e6f697461 00000000636053b3
0x0000000017dff280:   0000000017dff3b0 0000000000000001
0x0000000017dff290:   0000000000000001 000000001d1e5c38
0x0000000017dff2a0:   0000000000000002 0000000000000000
0x0000000017dff2b0:   0000000000000000 0000000000000000
0x0000000017dff2c0:   0000000000000001 0000000063605571 

Instructions: (pc=0x000000006392a6a5)
0x000000006392a685:   cc cc cc cc cc cc cc cc cc cc cc 48 83 ec 28 48
0x000000006392a695:   85 c9 75 07 33 c0 48 83 c4 28 c3 48 89 5c 24 20
0x000000006392a6a5:   48 8b 19 48 85 db 74 20 48 83 fb 37 74 1a 48 8b
0x000000006392a6b5:   13 48 8b cb ff 52 10 84 c0 74 0d 48 8b c3 48 8b 


Register to memory mapping:

RAX=0x0000000017dff201 is pointing into the stack for thread: 0x0000000016486000
RBX=0x0000000016486000 is a thread
RCX=0x624f2f6e6f697461 is an unknown value
RDX=0x0000000000000000 is an unknown value
RSP=0x0000000017dff1d0 is pointing into the stack for thread: 0x0000000016486000
RBP=0x624f2f6e6f697461 is an unknown value
RSI=0x0000000017dff2e8 is pointing into the stack for thread: 0x0000000016486000
RDI=0x0000000002bfeaf0 is an unknown value
R8 =0x0000000016486000 is a thread
R9 =0x0000000000008000 is an unknown value
R10=0x0000000000000000 is an unknown value
R11=0x00000000195d77ea is an unknown value
R12=0x0000000000000000 is an unknown value
R13=0x000000001647c8f8 is an unknown value
R14=0x0000000000000000 is an unknown value
R15=0x0000000000000000 is an unknown value


Stack: [0x0000000017d00000,0x0000000017e00000],  sp=0x0000000017dff1d0,  free space=1020k
Native frames: (J=compiled Java code, j=interpreted, Vv=VM code, C=native code)
V  [jvm.dll+0x11a6a5]
V  [jvm.dll+0x33447d]
C  [jdwp.dll+0x21a09]
C  [jdwp.dll+0x53b3]
C  [jdwp.dll+0x5571]
C  [jdwp.dll+0xf09c]
C  [jdwp.dll+0x1f2c9]
C  [jdwp.dll+0x1f49e]
V  [jvm.dll+0x1ac128]
V  [jvm.dll+0x22c194]
V  [jvm.dll+0x28576a]
C  [msvcr100.dll+0x21d9f]
C  [msvcr100.dll+0x21e3b]
C  [KERNEL32.DLL+0x8364]
C  [ntdll.dll+0x670d1]


---------------  P R O C E S S  ---------------

Java Threads: ( => current thread )
  0x000000001a0c4000 JavaThread "http-nio-8080-exec-10" daemon [_thread_blocked, id=1680, stack(0x0000000025ec0000,0x0000000025fc0000)]
  0x000000001a0c5800 JavaThread "http-nio-8080-exec-9" daemon [_thread_blocked, id=10548, stack(0x0000000025dc0000,0x0000000025ec0000)]
  0x0000000018afc800 JavaThread "http-nio-8080-exec-8" daemon [_thread_blocked, id=3480, stack(0x0000000025cc0000,0x0000000025dc0000)]
  0x0000000018afb000 JavaThread "http-nio-8080-exec-7" daemon [_thread_blocked, id=11212, stack(0x0000000025bc0000,0x0000000025cc0000)]
  0x0000000018b01000 JavaThread "http-nio-8080-exec-6" daemon [_thread_blocked, id=10188, stack(0x0000000025ac0000,0x0000000025bc0000)]
  0x0000000018b00000 JavaThread "http-nio-8080-exec-5" daemon [_thread_blocked, id=9736, stack(0x00000000259c0000,0x0000000025ac0000)]
  0x000000001b141800 JavaThread "http-nio-8080-exec-4" daemon [_thread_blocked, id=4564, stack(0x00000000258c0000,0x00000000259c0000)]
  0x000000001b141000 JavaThread "http-nio-8080-exec-2" daemon [_thread_blocked, id=3124, stack(0x00000000257c0000,0x00000000258c0000)]
  0x000000001b144800 JavaThread "http-nio-8080-exec-3" daemon [_thread_blocked, id=6812, stack(0x00000000256c0000,0x00000000257c0000)]
  0x000000001b139800 JavaThread "http-nio-8080-exec-1" daemon [_thread_blocked, id=10316, stack(0x00000000255c0000,0x00000000256c0000)]
  0x000000001b140000 JavaThread "http-nio-8080-AsyncTimeout" daemon [_thread_blocked, id=6244, stack(0x00000000254c0000,0x00000000255c0000)]
  0x000000001b13f800 JavaThread "http-nio-8080-Acceptor-0" daemon [_thread_in_native, id=4460, stack(0x00000000253c0000,0x00000000254c0000)]
  0x000000001b138000 JavaThread "http-nio-8080-ClientPoller-1" daemon [_thread_in_native, id=1064, stack(0x00000000252c0000,0x00000000253c0000)]
  0x000000001b138800 JavaThread "http-nio-8080-ClientPoller-0" daemon [_thread_in_native, id=6588, stack(0x00000000251c0000,0x00000000252c0000)]
  0x000000001b13e000 JavaThread "NioBlockingSelector.BlockPoller-2" daemon [_thread_in_native, id=10812, stack(0x00000000250c0000,0x00000000251c0000)]
  0x000000001b13a000 JavaThread "File Watcher" daemon [_thread_blocked, id=3532, stack(0x0000000024fc0000,0x00000000250c0000)]
  0x000000001b13c800 JavaThread "Tomcat JDBC Pool Cleaner[1482968390:1489018534196]" daemon [_thread_blocked, id=6012, stack(0x0000000024ec0000,0x0000000024fc0000)]
  0x000000001b13e800 JavaThread "container-0" [_thread_blocked, id=1848, stack(0x0000000024dc0000,0x0000000024ec0000)]
  0x000000001b137000 JavaThread "ContainerBackgroundProcessor[StandardEngine[Tomcat]]" daemon [_thread_blocked, id=10296, stack(0x0000000024cc0000,0x0000000024dc0000)]
  0x000000001b13b000 JavaThread "DestroyJavaVM" [_thread_blocked, id=992, stack(0x0000000002e00000,0x0000000002f00000)]
  0x000000001b136800 JavaThread "Live Reload Server" daemon [_thread_in_native, id=10588, stack(0x00000000225d0000,0x00000000226d0000)]
  0x0000000018afd000 JavaThread "Abandoned connection cleanup thread" daemon [_thread_blocked, id=3872, stack(0x00000000216d0000,0x00000000217d0000)]
  0x00000000164ce000 JavaThread "Service Thread" daemon [_thread_blocked, id=7916, stack(0x0000000018700000,0x0000000018800000)]
  0x00000000164b3000 JavaThread "C1 CompilerThread2" daemon [_thread_blocked, id=9088, stack(0x0000000018200000,0x0000000018300000)]
  0x00000000164a0000 JavaThread "C2 CompilerThread1" daemon [_thread_blocked, id=9248, stack(0x0000000018100000,0x0000000018200000)]
  0x0000000016499800 JavaThread "C2 CompilerThread0" daemon [_thread_blocked, id=9860, stack(0x0000000018000000,0x0000000018100000)]
  0x000000001648c000 JavaThread "JDWP Command Reader" daemon [_thread_in_native, id=10236, stack(0x0000000017f00000,0x0000000018000000)]
  0x000000001648a800 JavaThread "JDWP Event Helper Thread" daemon [_thread_blocked, id=1988, stack(0x0000000017e00000,0x0000000017f00000)]
=>0x0000000016486000 JavaThread "JDWP Transport Listener: dt_socket" daemon [_thread_in_vm, id=9416, stack(0x0000000017d00000,0x0000000017e00000)]
  0x0000000016473000 JavaThread "Attach Listener" daemon [_thread_blocked, id=7512, stack(0x00000000178c0000,0x00000000179c0000)]
  0x0000000016472000 JavaThread "Signal Dispatcher" daemon [_thread_blocked, id=11220, stack(0x00000000177c0000,0x00000000178c0000)]
  0x0000000002ff9000 JavaThread "Finalizer" daemon [_thread_blocked, id=6000, stack(0x00000000176c0000,0x00000000177c0000)]
  0x0000000016437800 JavaThread "Reference Handler" daemon [_thread_blocked, id=8368, stack(0x00000000175c0000,0x00000000176c0000)]

Other Threads:
  0x0000000016436000 VMThread [stack: 0x00000000174c0000,0x00000000175c0000] [id=1504]
  0x000000001834f800 WatcherThread [stack: 0x0000000018800000,0x0000000018900000] [id=3456]

VM state:not at safepoint (normal execution)

VM Mutex/Monitor currently owned by a thread: None

Heap:
 PSYoungGen      total 379904K, used 253778K [0x00000000e2e00000, 0x00000000fbc80000, 0x0000000100000000)
  eden space 359936K, 66% used [0x00000000e2e00000,0x00000000f17c5840,0x00000000f8d80000)
  from space 19968K, 72% used [0x00000000fa900000,0x00000000fb70f358,0x00000000fbc80000)
  to   space 24064K, 0% used [0x00000000f8d80000,0x00000000f8d80000,0x00000000fa500000)
 ParOldGen       total 120832K, used 44419K [0x00000000a8a00000, 0x00000000b0000000, 0x00000000e2e00000)
  object space 120832K, 36% used [0x00000000a8a00000,0x00000000ab560c18,0x00000000b0000000)
 Metaspace       used 72512K, capacity 74092K, committed 74408K, reserved 1114112K
  class space    used 9017K, capacity 9305K, committed 9392K, reserved 1048576K

Card table byte_map: [0x00000000123c0000,0x0000000012680000] byte_map_base: 0x0000000011e7b000

Marking Bits: (ParMarkBitMap*) 0x0000000063fed4f0
 Begin Bits: [0x0000000012c60000, 0x0000000014238000)
 End Bits:   [0x0000000014238000, 0x0000000015810000)

Polling page: 0x0000000000bf0000

CodeCache: size=245760Kb used=37358Kb max_used=37358Kb free=208401Kb
 bounds [0x0000000003000000, 0x00000000054b0000, 0x0000000012000000]
 total_blobs=9735 nmethods=8884 adapters=770
 compilation: enabled

Compilation events (10 events):
Event: 1079.757 Thread 0x00000000164b3000 10838       3       org.springframework.util.AntPathMatcher$AntPatternComparator$PatternInfo::<init> (94 bytes)
Event: 1079.760 Thread 0x00000000164b3000 nmethod 10838 0x0000000005494450 code [0x0000000005494640, 0x0000000005495008]
Event: 1079.843 Thread 0x00000000164b3000 10839       3       java.util.Collections$3::hasMoreElements (10 bytes)
Event: 1079.844 Thread 0x00000000164a0000 10840       4       org.springframework.core.env.MapPropertySource::containsProperty (14 bytes)
Event: 1079.844 Thread 0x00000000164b3000 nmethod 10839 0x00000000054a4390 code [0x00000000054a4500, 0x00000000054a4728]
Event: 1079.848 Thread 0x00000000164a0000 nmethod 10840 0x00000000054a7510 code [0x00000000054a7660, 0x00000000054a7778]
Event: 1079.946 Thread 0x00000000164b3000 10841       3       org.springframework.expression.spel.standard.Tokenizer::lexIdentifier (125 bytes)
Event: 1079.956 Thread 0x00000000164b3000 nmethod 10841 0x00000000054a7890 code [0x00000000054a7be0, 0x00000000054a9928]
Event: 1211.993 Thread 0x00000000164b3000 10842       3       org.apache.catalina.valves.ValveBase::backgroundProcess (1 bytes)
Event: 1211.994 Thread 0x00000000164b3000 nmethod 10842 0x0000000005483690 code [0x00000000054837e0, 0x0000000005483930]

GC Heap History (10 events):
Event: 598.719 GC heap before
{Heap before GC invocations=20 (full 3):
 PSYoungGen      total 297984K, used 294465K [0x00000000e2e00000, 0x00000000f7700000, 0x0000000100000000)
  eden space 286720K, 100% used [0x00000000e2e00000,0x00000000f4600000,0x00000000f4600000)
  from space 11264K, 68% used [0x00000000f6c00000,0x00000000f73906e0,0x00000000f7700000)
  to   space 25088K, 0% used [0x00000000f4600000,0x00000000f4600000,0x00000000f5e80000)
 ParOldGen       total 120832K, used 42087K [0x00000000a8a00000, 0x00000000b0000000, 0x00000000e2e00000)
  object space 120832K, 34% used [0x00000000a8a00000,0x00000000ab319e60,0x00000000b0000000)
 Metaspace       used 69029K, capacity 70112K, committed 70184K, reserved 1110016K
  class space    used 8744K, capacity 8972K, committed 9008K, reserved 1048576K
Event: 598.803 GC heap after
Heap after GC invocations=20 (full 3):
 PSYoungGen      total 311808K, used 18037K [0x00000000e2e00000, 0x00000000fa000000, 0x0000000100000000)
  eden space 286720K, 0% used [0x00000000e2e00000,0x00000000e2e00000,0x00000000f4600000)
  from space 25088K, 71% used [0x00000000f4600000,0x00000000f579d788,0x00000000f5e80000)
  to   space 26624K, 0% used [0x00000000f8600000,0x00000000f8600000,0x00000000fa000000)
 ParOldGen       total 120832K, used 42103K [0x00000000a8a00000, 0x00000000b0000000, 0x00000000e2e00000)
  object space 120832K, 34% used [0x00000000a8a00000,0x00000000ab31de60,0x00000000b0000000)
 Metaspace       used 69029K, capacity 70112K, committed 70184K, reserved 1110016K
  class space    used 8744K, capacity 8972K, committed 9008K, reserved 1048576K
}
Event: 941.048 GC heap before
{Heap before GC invocations=21 (full 3):
 PSYoungGen      total 311808K, used 177479K [0x00000000e2e00000, 0x00000000fa000000, 0x0000000100000000)
  eden space 286720K, 55% used [0x00000000e2e00000,0x00000000ec9b4820,0x00000000f4600000)
  from space 25088K, 71% used [0x00000000f4600000,0x00000000f579d788,0x00000000f5e80000)
  to   space 26624K, 0% used [0x00000000f8600000,0x00000000f8600000,0x00000000fa000000)
 ParOldGen       total 120832K, used 42103K [0x00000000a8a00000, 0x00000000b0000000, 0x00000000e2e00000)
  object space 120832K, 34% used [0x00000000a8a00000,0x00000000ab31de60,0x00000000b0000000)
 Metaspace       used 69916K, capacity 71158K, committed 71336K, reserved 1112064K
  class space    used 8807K, capacity 9066K, committed 9136K, reserved 1048576K
Event: 941.151 GC heap after
Heap after GC invocations=21 (full 3):
 PSYoungGen      total 349184K, used 12156K [0x00000000e2e00000, 0x00000000f9d00000, 0x0000000100000000)
  eden space 325632K, 0% used [0x00000000e2e00000,0x00000000e2e00000,0x00000000f6c00000)
  from space 23552K, 51% used [0x00000000f8600000,0x00000000f91df078,0x00000000f9d00000)
  to   space 25088K, 0% used [0x00000000f6c00000,0x00000000f6c00000,0x00000000f8480000)
 ParOldGen       total 120832K, used 42111K [0x00000000a8a00000, 0x00000000b0000000, 0x00000000e2e00000)
  object space 120832K, 34% used [0x00000000a8a00000,0x00000000ab31fe60,0x00000000b0000000)
 Metaspace       used 69916K, capacity 71158K, committed 71336K, reserved 1112064K
  class space    used 8807K, capacity 9066K, committed 9136K, reserved 1048576K
}
Event: 941.151 GC heap before
{Heap before GC invocations=22 (full 4):
 PSYoungGen      total 349184K, used 12156K [0x00000000e2e00000, 0x00000000f9d00000, 0x0000000100000000)
  eden space 325632K, 0% used [0x00000000e2e00000,0x00000000e2e00000,0x00000000f6c00000)
  from space 23552K, 51% used [0x00000000f8600000,0x00000000f91df078,0x00000000f9d00000)
  to   space 25088K, 0% used [0x00000000f6c00000,0x00000000f6c00000,0x00000000f8480000)
 ParOldGen       total 120832K, used 42111K [0x00000000a8a00000, 0x00000000b0000000, 0x00000000e2e00000)
  object space 120832K, 34% used [0x00000000a8a00000,0x00000000ab31fe60,0x00000000b0000000)
 Metaspace       used 69916K, capacity 71158K, committed 71336K, reserved 1112064K
  class space    used 8807K, capacity 9066K, committed 9136K, reserved 1048576K
Event: 943.546 GC heap after
Heap after GC invocations=22 (full 4):
 PSYoungGen      total 349184K, used 0K [0x00000000e2e00000, 0x00000000f9d00000, 0x0000000100000000)
  eden space 325632K, 0% used [0x00000000e2e00000,0x00000000e2e00000,0x00000000f6c00000)
  from space 23552K, 0% used [0x00000000f8600000,0x00000000f8600000,0x00000000f9d00000)
  to   space 25088K, 0% used [0x00000000f6c00000,0x00000000f6c00000,0x00000000f8480000)
 ParOldGen       total 120832K, used 44403K [0x00000000a8a00000, 0x00000000b0000000, 0x00000000e2e00000)
  object space 120832K, 36% used [0x00000000a8a00000,0x00000000ab55cc18,0x00000000b0000000)
 Metaspace       used 69916K, capacity 71158K, committed 71336K, reserved 1112064K
  class space    used 8807K, capacity 9066K, committed 9136K, reserved 1048576K
}
Event: 970.657 GC heap before
{Heap before GC invocations=23 (full 4):
 PSYoungGen      total 349184K, used 325632K [0x00000000e2e00000, 0x00000000f9d00000, 0x0000000100000000)
  eden space 325632K, 100% used [0x00000000e2e00000,0x00000000f6c00000,0x00000000f6c00000)
  from space 23552K, 0% used [0x00000000f8600000,0x00000000f8600000,0x00000000f9d00000)
  to   space 25088K, 0% used [0x00000000f6c00000,0x00000000f6c00000,0x00000000f8480000)
 ParOldGen       total 120832K, used 44403K [0x00000000a8a00000, 0x00000000b0000000, 0x00000000e2e00000)
  object space 120832K, 36% used [0x00000000a8a00000,0x00000000ab55cc18,0x00000000b0000000)
 Metaspace       used 70348K, capacity 71690K, committed 71976K, reserved 1112064K
  class space    used 8857K, capacity 9148K, committed 9264K, reserved 1048576K
Event: 970.712 GC heap after
Heap after GC invocations=23 (full 4):
 PSYoungGen      total 350720K, used 13455K [0x00000000e2e00000, 0x00000000fc100000, 0x0000000100000000)
  eden space 325632K, 0% used [0x00000000e2e00000,0x00000000e2e00000,0x00000000f6c00000)
  from space 25088K, 53% used [0x00000000f6c00000,0x00000000f7923f18,0x00000000f8480000)
  to   space 24576K, 0% used [0x00000000fa900000,0x00000000fa900000,0x00000000fc100000)
 ParOldGen       total 120832K, used 44411K [0x00000000a8a00000, 0x00000000b0000000, 0x00000000e2e00000)
  object space 120832K, 36% used [0x00000000a8a00000,0x00000000ab55ec18,0x00000000b0000000)
 Metaspace       used 70348K, capacity 71690K, committed 71976K, reserved 1112064K
  class space    used 8857K, capacity 9148K, committed 9264K, reserved 1048576K
}
Event: 991.104 GC heap before
{Heap before GC invocations=24 (full 4):
 PSYoungGen      total 350720K, used 339087K [0x00000000e2e00000, 0x00000000fc100000, 0x0000000100000000)
  eden space 325632K, 100% used [0x00000000e2e00000,0x00000000f6c00000,0x00000000f6c00000)
  from space 25088K, 53% used [0x00000000f6c00000,0x00000000f7923f18,0x00000000f8480000)
  to   space 24576K, 0% used [0x00000000fa900000,0x00000000fa900000,0x00000000fc100000)
 ParOldGen       total 120832K, used 44411K [0x00000000a8a00000, 0x00000000b0000000, 0x00000000e2e00000)
  object space 120832K, 36% used [0x00000000a8a00000,0x00000000ab55ec18,0x00000000b0000000)
 Metaspace       used 72115K, capacity 73574K, committed 73896K, reserved 1114112K
  class space    used 8976K, capacity 9270K, committed 9392K, reserved 1048576K
Event: 991.173 GC heap after
Heap after GC invocations=24 (full 4):
 PSYoungGen      total 379904K, used 14396K [0x00000000e2e00000, 0x00000000fbc80000, 0x0000000100000000)
  eden space 359936K, 0% used [0x00000000e2e00000,0x00000000e2e00000,0x00000000f8d80000)
  from space 19968K, 72% used [0x00000000fa900000,0x00000000fb70f358,0x00000000fbc80000)
  to   space 24064K, 0% used [0x00000000f8d80000,0x00000000f8d80000,0x00000000fa500000)
 ParOldGen       total 120832K, used 44419K [0x00000000a8a00000, 0x00000000b0000000, 0x00000000e2e00000)
  object space 120832K, 36% used [0x00000000a8a00000,0x00000000ab560c18,0x00000000b0000000)
 Metaspace       used 72115K, capacity 73574K, committed 73896K, reserved 1114112K
  class space    used 8976K, capacity 9270K, committed 9392K, reserved 1048576K
}

Deoptimization events (10 events):
Event: 1079.858 Thread 0x000000001b139800 Uncommon trap: reason=unhandled action=none pc=0x00000000038ac844 method=java.net.URLClassLoader$1.run()Ljava/lang/Class; @ 72
Event: 1079.860 Thread 0x000000001b139800 Uncommon trap: reason=unhandled action=none pc=0x00000000038ac844 method=java.net.URLClassLoader$1.run()Ljava/lang/Class; @ 72
Event: 1079.860 Thread 0x000000001b139800 Uncommon trap: reason=unhandled action=none pc=0x00000000038ac844 method=java.net.URLClassLoader$1.run()Ljava/lang/Class; @ 72
Event: 1079.866 Thread 0x000000001b139800 Uncommon trap: reason=unhandled action=none pc=0x00000000038ac844 method=java.net.URLClassLoader$1.run()Ljava/lang/Class; @ 72
Event: 1079.868 Thread 0x000000001b139800 Uncommon trap: reason=unhandled action=none pc=0x00000000038ac844 method=java.net.URLClassLoader$1.run()Ljava/lang/Class; @ 72
Event: 1079.869 Thread 0x000000001b139800 Uncommon trap: reason=unhandled action=none pc=0x00000000038ac844 method=java.net.URLClassLoader$1.run()Ljava/lang/Class; @ 72
Event: 1079.871 Thread 0x000000001b139800 Uncommon trap: reason=unhandled action=none pc=0x00000000038ac844 method=java.net.URLClassLoader$1.run()Ljava/lang/Class; @ 72
Event: 1079.934 Thread 0x000000001b139800 Uncommon trap: reason=unhandled action=none pc=0x00000000038ac844 method=java.net.URLClassLoader$1.run()Ljava/lang/Class; @ 72
Event: 1079.940 Thread 0x000000001b139800 Uncommon trap: reason=unhandled action=none pc=0x00000000038ac844 method=java.net.URLClassLoader$1.run()Ljava/lang/Class; @ 72
Event: 1079.944 Thread 0x000000001b139800 Uncommon trap: reason=unhandled action=none pc=0x00000000038ac844 method=java.net.URLClassLoader$1.run()Ljava/lang/Class; @ 72

Internal exceptions (10 events):
Event: 1079.859 Thread 0x000000001b139800 Exception <a 'java/security/PrivilegedActionException'> (0x00000000ec989ac8) thrown at [C:\workspace\8-2-build-windows-amd64-cygwin\jdk8u31\2394\hotspot\src\share\vm\prims\jvm.cpp, line 1312]
Event: 1079.860 Thread 0x000000001b139800 Exception <a 'java/security/PrivilegedActionException'> (0x00000000ec98b500) thrown at [C:\workspace\8-2-build-windows-amd64-cygwin\jdk8u31\2394\hotspot\src\share\vm\prims\jvm.cpp, line 1312]
Event: 1079.864 Thread 0x000000001b139800 Exception <a 'java/security/PrivilegedActionException'> (0x00000000ec98c3d8) thrown at [C:\workspace\8-2-build-windows-amd64-cygwin\jdk8u31\2394\hotspot\src\share\vm\prims\jvm.cpp, line 1312]
Event: 1079.866 Thread 0x000000001b139800 Exception <a 'java/security/PrivilegedActionException'> (0x00000000ec9962d0) thrown at [C:\workspace\8-2-build-windows-amd64-cygwin\jdk8u31\2394\hotspot\src\share\vm\prims\jvm.cpp, line 1312]
Event: 1079.869 Thread 0x000000001b139800 Exception <a 'java/security/PrivilegedActionException'> (0x00000000ec997f58) thrown at [C:\workspace\8-2-build-windows-amd64-cygwin\jdk8u31\2394\hotspot\src\share\vm\prims\jvm.cpp, line 1312]
Event: 1079.870 Thread 0x000000001b139800 Exception <a 'java/security/PrivilegedActionException'> (0x00000000ec998e30) thrown at [C:\workspace\8-2-build-windows-amd64-cygwin\jdk8u31\2394\hotspot\src\share\vm\prims\jvm.cpp, line 1312]
Event: 1079.872 Thread 0x000000001b139800 Exception <a 'java/security/PrivilegedActionException'> (0x00000000ec9a2d08) thrown at [C:\workspace\8-2-build-windows-amd64-cygwin\jdk8u31\2394\hotspot\src\share\vm\prims\jvm.cpp, line 1312]
Event: 1079.934 Thread 0x000000001b139800 Exception <a 'java/security/PrivilegedActionException'> (0x00000000ec9cbf98) thrown at [C:\workspace\8-2-build-windows-amd64-cygwin\jdk8u31\2394\hotspot\src\share\vm\prims\jvm.cpp, line 1312]
Event: 1079.941 Thread 0x000000001b139800 Exception <a 'java/security/PrivilegedActionException'> (0x00000000ec9dcb38) thrown at [C:\workspace\8-2-build-windows-amd64-cygwin\jdk8u31\2394\hotspot\src\share\vm\prims\jvm.cpp, line 1312]
Event: 1079.944 Thread 0x000000001b139800 Exception <a 'java/security/PrivilegedActionException'> (0x00000000ec9ed548) thrown at [C:\workspace\8-2-build-windows-amd64-cygwin\jdk8u31\2394\hotspot\src\share\vm\prims\jvm.cpp, line 1312]

Events (10 events):
Event: 1079.944 Thread 0x000000001b139800 DEOPT PACKING pc=0x00000000048ea140 sp=0x00000000256bb520
Event: 1079.944 Thread 0x000000001b139800 DEOPT UNPACKING pc=0x00000000030475bf sp=0x00000000256bb1d0 mode 1
Event: 1138.490 Executing VM operation: RevokeBias
Event: 1138.491 Executing VM operation: RevokeBias done
Event: 1138.972 Executing VM operation: RevokeBias
Event: 1138.972 Executing VM operation: RevokeBias done
Event: 1138.972 Executing VM operation: RevokeBias
Event: 1138.972 Executing VM operation: RevokeBias done
Event: 1290.965 Executing VM operation: RedefineClasses
Event: 1291.518 Executing VM operation: RedefineClasses done


Dynamic libraries:
0x00007ff66f4f0000 - 0x00007ff66f524000 	C:\Program Files\Java\jre1.8.0_31\bin\javaw.exe
0x00007ff974680000 - 0x00007ff974851000 	C:\WINDOWS\SYSTEM32\ntdll.dll
0x00007ff9738b0000 - 0x00007ff97395b000 	C:\WINDOWS\System32\KERNEL32.DLL
0x00007ff971000000 - 0x00007ff97121d000 	C:\WINDOWS\System32\KERNELBASE.dll
0x00007ff974410000 - 0x00007ff9744b2000 	C:\WINDOWS\System32\ADVAPI32.dll
0x00007ff973760000 - 0x00007ff9737fe000 	C:\WINDOWS\System32\msvcrt.dll
0x00007ff9739c0000 - 0x00007ff973a19000 	C:\WINDOWS\System32\sechost.dll
0x00007ff973a30000 - 0x00007ff973b51000 	C:\WINDOWS\System32\RPCRT4.dll
0x00007ff974260000 - 0x00007ff9743c5000 	C:\WINDOWS\System32\USER32.dll
0x00007ff971bf0000 - 0x00007ff971c0e000 	C:\WINDOWS\System32\win32u.dll
0x00007ff9743d0000 - 0x00007ff974404000 	C:\WINDOWS\System32\GDI32.dll
0x00007ff971a00000 - 0x00007ff971b82000 	C:\WINDOWS\System32\gdi32full.dll
0x00007ff966ed0000 - 0x00007ff967149000 	C:\WINDOWS\WinSxS\amd64_microsoft.windows.common-controls_6595b64144ccf1df_6.0.14393.447_none_42191651c6827bb3\COMCTL32.dll
0x00007ff9732e0000 - 0x00007ff9735a8000 	C:\WINDOWS\System32\combase.dll
0x00007ff970d30000 - 0x00007ff970e25000 	C:\WINDOWS\System32\ucrtbase.dll
0x00007ff970b70000 - 0x00007ff970bda000 	C:\WINDOWS\System32\bcryptPrimitives.dll
0x00007ff974090000 - 0x00007ff9740be000 	C:\WINDOWS\System32\IMM32.DLL
0x0000000063730000 - 0x0000000063802000 	C:\Program Files\Java\jre1.8.0_31\bin\msvcr100.dll
0x0000000063810000 - 0x000000006406a000 	C:\Program Files\Java\jre1.8.0_31\bin\server\jvm.dll
0x00007ff9738a0000 - 0x00007ff9738a8000 	C:\WINDOWS\System32\PSAPI.DLL
0x00007ff969cf0000 - 0x00007ff969cf9000 	C:\WINDOWS\SYSTEM32\WSOCK32.dll
0x00007ff96efa0000 - 0x00007ff96efc3000 	C:\WINDOWS\SYSTEM32\WINMM.dll
0x00007ff9740c0000 - 0x00007ff97412a000 	C:\WINDOWS\System32\WS2_32.dll
0x00000000012e0000 - 0x000000000130b000 	C:\WINDOWS\SYSTEM32\WINMMBASE.dll
0x00007ff971900000 - 0x00007ff971942000 	C:\WINDOWS\System32\cfgmgr32.dll
0x0000000063720000 - 0x000000006372f000 	C:\Program Files\Java\jre1.8.0_31\bin\verify.dll
0x00000000636f0000 - 0x0000000063718000 	C:\Program Files\Java\jre1.8.0_31\bin\java.dll
0x0000000063600000 - 0x0000000063635000 	C:\Program Files\Java\jre1.8.0_31\bin\jdwp.dll
0x00000000635f0000 - 0x00000000635f8000 	C:\Program Files\Java\jre1.8.0_31\bin\npt.dll
0x00000000636d0000 - 0x00000000636e6000 	C:\Program Files\Java\jre1.8.0_31\bin\zip.dll
0x00007ff971d70000 - 0x00007ff973279000 	C:\WINDOWS\System32\SHELL32.dll
0x00007ff971220000 - 0x00007ff9718fa000 	C:\WINDOWS\System32\windows.storage.dll
0x00007ff970b00000 - 0x00007ff970b4c000 	C:\WINDOWS\System32\powrprof.dll
0x00007ff973280000 - 0x00007ff9732d2000 	C:\WINDOWS\System32\shlwapi.dll
0x00007ff970af0000 - 0x00007ff970aff000 	C:\WINDOWS\System32\kernel.appcore.dll
0x00007ff971950000 - 0x00007ff9719f9000 	C:\WINDOWS\System32\shcore.dll
0x00007ff970b50000 - 0x00007ff970b64000 	C:\WINDOWS\System32\profapi.dll
0x00000000635e0000 - 0x00000000635e9000 	C:\Program Files\Java\jre1.8.0_31\bin\dt_socket.dll
0x00007ff960b00000 - 0x00007ff960b16000 	C:\WINDOWS\system32\napinsp.dll
0x00007ff960b20000 - 0x00007ff960b3a000 	C:\WINDOWS\system32\pnrpnsp.dll
0x00007ff96e0f0000 - 0x00007ff96e108000 	C:\WINDOWS\system32\NLAapi.dll
0x00007ff970410000 - 0x00007ff97046c000 	C:\WINDOWS\System32\mswsock.dll
0x00007ff9701f0000 - 0x00007ff970290000 	C:\WINDOWS\SYSTEM32\DNSAPI.dll
0x00007ff974250000 - 0x00007ff974258000 	C:\WINDOWS\System32\NSI.dll
0x00007ff9701a0000 - 0x00007ff9701d8000 	C:\WINDOWS\SYSTEM32\IPHLPAPI.DLL
0x00007ff960b40000 - 0x00007ff960b4e000 	C:\WINDOWS\System32\winrnr.dll
0x00007ff968fd0000 - 0x00007ff96903a000 	C:\WINDOWS\System32\fwpuclnt.dll
0x00007ff9706c0000 - 0x00007ff9706eb000 	C:\WINDOWS\SYSTEM32\bcrypt.dll
0x00007ff967310000 - 0x00007ff96731a000 	C:\Windows\System32\rasadhlp.dll
0x00000000635d0000 - 0x00000000635dd000 	C:\Program Files\Java\jre1.8.0_31\bin\management.dll
0x00000000636b0000 - 0x00000000636ca000 	C:\Program Files\Java\jre1.8.0_31\bin\net.dll
0x0000000063690000 - 0x00000000636a1000 	C:\Program Files\Java\jre1.8.0_31\bin\nio.dll
0x00007ff9705b0000 - 0x00007ff9705c7000 	C:\WINDOWS\SYSTEM32\CRYPTSP.dll
0x00007ff970020000 - 0x00007ff970053000 	C:\WINDOWS\system32\rsaenh.dll
0x00007ff970290000 - 0x00007ff9702af000 	C:\WINDOWS\SYSTEM32\USERENV.dll
0x00007ff9705d0000 - 0x00007ff9705db000 	C:\WINDOWS\SYSTEM32\CRYPTBASE.dll
0x00007ff96b0a0000 - 0x00007ff96b0b6000 	C:\WINDOWS\SYSTEM32\dhcpcsvc6.DLL
0x00007ff96b150000 - 0x00007ff96b16a000 	C:\WINDOWS\SYSTEM32\dhcpcsvc.DLL
0x00007ff964530000 - 0x00007ff9646c2000 	C:\WINDOWS\SYSTEM32\dbghelp.dll

VM Arguments:
jvm_args: -agentlib:jdwp=transport=dt_socket,suspend=y,address=localhost:52290 -Dfile.encoding=UTF-8 
java_command: com.algaworks.brewer.BrewerApplication
java_class_path (initial): C:\Programas\Programas-java\brewer\target\classes;C:\Users\Fernando\.m2\repository\org\springframework\boot\spring-boot-starter-web\1.4.1.RELEASE\spring-boot-starter-web-1.4.1.RELEASE.jar;C:\Users\Fernando\.m2\repository\org\springframework\boot\spring-boot-starter\1.4.1.RELEASE\spring-boot-starter-1.4.1.RELEASE.jar;C:\Users\Fernando\.m2\repository\org\springframework\boot\spring-boot-starter-logging\1.4.1.RELEASE\spring-boot-starter-logging-1.4.1.RELEASE.jar;C:\Users\Fernando\.m2\repository\org\slf4j\log4j-over-slf4j\1.7.21\log4j-over-slf4j-1.7.21.jar;C:\Users\Fernando\.m2\repository\org\springframework\spring-core\4.3.3.RELEASE\spring-core-4.3.3.RELEASE.jar;C:\Users\Fernando\.m2\repository\org\yaml\snakeyaml\1.17\snakeyaml-1.17.jar;C:\Users\Fernando\.m2\repository\org\springframework\boot\spring-boot-starter-tomcat\1.4.1.RELEASE\spring-boot-starter-tomcat-1.4.1.RELEASE.jar;C:\Users\Fernando\.m2\repository\org\apache\tomcat\embed\tomcat-embed-core\8.5.5\tomcat-embed-core-8.5.5.jar;C:\Users\Fernando\.m2\repository\org\apache\tomcat\embed\tomcat-embed-el\8.5.5\tomcat-embed-el-8.5.5.jar;C:\Users\Fernando\.m2\repository\org\apache\tomcat\embed\tomcat-embed-websocket\8.5.5\tomcat-embed-websocket-8.5.5.jar;C:\Users\Fernando\.m2\repository\org\hibernate\hibernate-validator\5.2.4.Final\hibernate-validator-5.2.4.Final.jar;C:\Users\Fernando\.m2\repository\javax\validation\validation-api\1.1.0.Final\validation-api-1.1.0.Final.jar;C:\Users\Fernando\.m2\repository\com\fasterxml\classmate\1.3.1\classmate-1.3.1.jar;C:\Users\Fernando\.m2\repository\com\fasterxml\jackson\core\jackson-databind\2.8.3\jackson-databind-2.8.3.jar;C:\Users\Fernando\.m2\repository\org\springframework\spring-web\4.3.3.RELEASE\spring-web-4.3.3.RELEASE.jar;C:\Users\Fernando\.m2\repository\org\springframework\spring-beans\4.3.3.RELEASE\spring-beans-4.3.3.RELEASE.jar;C:\Users\Fernando\.m2\repository\org\springframework\spring-webmvc\4.3.3.RELEASE\spring-webmvc-4.3.3.RELEASE.jar;C:\
Launcher Type: SUN_STANDARD

Environment Variables:
JAVA_HOME=C:\Program Files\Java\jdk1.8.0_31\bin
JRE_HOME=C:\Program Files\Java\jdk1.8.0_31\jre
PATH=C:/Program Files/Java/jre1.8.0_31/bin/server;C:/Program Files/Java/jre1.8.0_31/bin;C:/Program Files/Java/jre1.8.0_31/lib/amd64;C:\ProgramData\Oracle\Java\javapath;C:\WINDOWS\system32;C:\WINDOWS;C:\WINDOWS\System32\Wbem;C:\WINDOWS\System32\WindowsPowerShell\v1.0\;C:\Users\Fernando\AppData\Local\Microsoft\WindowsApps;;C:\Programas\eclipse;
USERNAME=Fernando
OS=Windows_NT
PROCESSOR_IDENTIFIER=Intel64 Family 6 Model 42 Stepping 7, GenuineIntel



---------------  S Y S T E M  ---------------

OS: Windows 8.1 , 64 bit Build 9600 

CPU:total 4 (2 cores per cpu, 2 threads per core) family 6 model 42 stepping 7, cmov, cx8, fxsr, mmx, sse, sse2, sse3, ssse3, sse4.1, sse4.2, popcnt, avx, clmul, ht, tsc, tscinvbit

Memory: 4k page, physical 5719704k(2008600k free), swap 6637208k(1882708k free)

vm_info: Java HotSpot(TM) 64-Bit Server VM (25.31-b07) for windows-amd64 JRE (1.8.0_31-b13), built on Dec 17 2014 21:00:28 by "java_re" with MS VC++ 10.0 (VS2010)

time: Wed Mar 08 21:20:48 2017
elapsed time: 1292 seconds (0d 0h 21m 32s)

